<?xml version="1.0" encoding="UTF-8"?>
<!-- Generated by org.testng.reporters.JUnitReportReporter -->
<testsuite skipped="0" hostname="LAPTOP-APVHHELF" name="com.crms.testScripts.dataProvider" tests="2" failures="0" timestamp="21 May 2020 01:33:06 GMT" time="0.016" errors="0">
  <testcase name="data" time="0.001" classname="com.crms.testScripts.dataProvider"/>
  <testcase name="data" time="0.015" classname="com.crms.testScripts.dataProvider"/>
</testsuite> <!-- com.crms.testScripts.dataProvider -->
